<?xml version="1.0" encoding="UTF-8"?>
<!-- Generated by org.testng.reporters.JUnitReportReporter -->
<testsuite hostname="DESKTOP-RQSL0MD" failures="0" tests="2" name="com.gentech.tests.summary.AnnotationsSummary" time="0.011" errors="0" timestamp="2024-06-01T08:57:14 IST" skipped="0">
  <testcase classname="com.gentech.tests.summary.AnnotationsSummary" name="method1" time="0.008"/>
  <system-out/>
  <testcase classname="com.gentech.tests.summary.AnnotationsSummary" name="method2" time="0.003"/>
  <system-out/>
</testsuite> <!-- com.gentech.tests.summary.AnnotationsSummary -->
