<?xml version="1.0" encoding="UTF-8"?>
<!-- Generated by org.testng.reporters.JUnitReportReporter -->
<testsuite hostname="DESKTOP-RQSL0MD" failures="0" tests="3" name="com.gentech.tests.parameters.DataProviderDemo" time="0.010" errors="0" timestamp="2024-06-01T08:20:05 IST" skipped="0">
  <testcase classname="com.gentech.tests.parameters.DataProviderDemo" name="createUser" time="0.006"/>
  <system-out/>
  <testcase classname="com.gentech.tests.parameters.DataProviderDemo" name="createUser" time="0.002"/>
  <system-out/>
  <testcase classname="com.gentech.tests.parameters.DataProviderDemo" name="createUser" time="0.002"/>
  <system-out/>
</testsuite> <!-- com.gentech.tests.parameters.DataProviderDemo -->
