<?xml version="1.0" encoding="UTF-8"?>
<!-- Generated by org.testng.reporters.JUnitReportReporter -->
<testsuite hostname="DESKTOP-RQSL0MD" failures="0" tests="3" name="com.gentech.tests.Users.Users" time="0.008" errors="0" timestamp="2024-06-01T08:50:22 IST" skipped="0">
  <testcase classname="com.gentech.tests.Users.Users" name="createUser" time="0.005"/>
  <system-out/>
  <testcase classname="com.gentech.tests.Users.Users" name="modifyUser" time="0.001"/>
  <system-out/>
  <testcase classname="com.gentech.tests.Users.Users" name="deletUser" time="0.002"/>
  <system-out/>
</testsuite> <!-- com.gentech.tests.Users.Users -->
